# JRE version: OpenJDK Runtime Environment Temurin-21.0.8+9 (21.0.8+9) (build 21.0.8+9-LTS)
# Java VM: OpenJDK 64-Bit Server VM Temurin-21.0.8+9 (21.0.8+9-LTS, mixed mode, sharing, tiered, compressed oops, compressed class ptrs, parallel gc, windows-amd64)
GC Precious Log:
 CardTable entry size: 512
 CPUs: 16 total, 16 available
 Memory: 16069M
 Large Page Support: Disabled
 NUMA Support: Disabled
 Compressed Oops: Enabled (32-bit)
 Alignments: Space 512K, Generation 512K, Heap 2M
 Heap Min Capacity: 100M
 Heap Initial Capacity: 100M
 Heap Max Capacity: 2G
 Pre-touch: Disabled
 Parallel Workers: 13
Heap:
 PSYoungGen      total 5632K, used 1545K [0x00000000d5580000, 0x00000000d5c00000, 0x0000000100000000)
  eden space 4608K, 22% used [0x00000000d5580000,0x00000000d5682438,0x00000000d5a00000)
  from space 1024K, 50% used [0x00000000d5b00000,0x00000000d5b80000,0x00000000d5c00000)
  to   space 1024K, 0% used [0x00000000d5a00000,0x00000000d5a00000,0x00000000d5b00000)
 ParOldGen       total 573440K, used 573174K [0x0000000080000000, 0x00000000a3000000, 0x00000000d5580000)
  object space 573440K, 99% used [0x0000000080000000,0x00000000a2fbd8b0,0x00000000a3000000)
 Metaspace       used 97544K, committed 99328K, reserved 1179648K
  class space    used 9510K, committed 10368K, reserved 1048576K
GC Heap History (20 events):
Event: 145027.281 GC heap before
{Heap before GC invocations=6657 (full 14):
 PSYoungGen      total 5632K, used 5476K [0x00000000d5580000, 0x00000000d5c00000, 0x0000000100000000)
  eden space 4608K, 100% used [0x00000000d5580000,0x00000000d5a00000,0x00000000d5a00000)
  from space 1024K, 84% used [0x00000000d5b00000,0x00000000d5bd9210,0x00000000d5c00000)
  to   space 1024K, 0% used [0x00000000d5a00000,0x00000000d5a00000,0x00000000d5b00000)
 ParOldGen       total 566784K, used 566660K [0x0000000080000000, 0x00000000a2980000, 0x00000000d5580000)
  object space 566784K, 99% used [0x0000000080000000,0x00000000a2961058,0x00000000a2980000)
 Metaspace       used 97538K, committed 99328K, reserved 1179648K
  class space    used 9510K, committed 10368K, reserved 1048576K
}
Event: 145027.284 GC heap after
{Heap after GC invocations=6657 (full 14):
 PSYoungGen      total 5632K, used 954K [0x00000000d5580000, 0x00000000d5c00000, 0x0000000100000000)
  eden space 4608K, 0% used [0x00000000d5580000,0x00000000d5580000,0x00000000d5a00000)
  from space 1024K, 93% used [0x00000000d5a00000,0x00000000d5aee900,0x00000000d5b00000)
  to   space 1024K, 0% used [0x00000000d5b00000,0x00000000d5b00000,0x00000000d5c00000)
 ParOldGen       total 567808K, used 567422K [0x0000000080000000, 0x00000000a2a80000, 0x00000000d5580000)
  object space 567808K, 99% used [0x0000000080000000,0x00000000a2a1fa08,0x00000000a2a80000)
 Metaspace       used 97538K, committed 99328K, reserved 1179648K
  class space    used 9510K, committed 10368K, reserved 1048576K
}
Event: 145027.290 GC heap before
{Heap before GC invocations=6658 (full 14):
 PSYoungGen      total 5632K, used 5562K [0x00000000d5580000, 0x00000000d5c00000, 0x0000000100000000)
  eden space 4608K, 100% used [0x00000000d5580000,0x00000000d5a00000,0x00000000d5a00000)
  from space 1024K, 93% used [0x00000000d5a00000,0x00000000d5aee900,0x00000000d5b00000)
  to   space 1024K, 0% used [0x00000000d5b00000,0x00000000d5b00000,0x00000000d5c00000)
 ParOldGen       total 567808K, used 567422K [0x0000000080000000, 0x00000000a2a80000, 0x00000000d5580000)
  object space 567808K, 99% used [0x0000000080000000,0x00000000a2a1fa08,0x00000000a2a80000)
 Metaspace       used 97538K, committed 99328K, reserved 1179648K
  class space    used 9510K, committed 10368K, reserved 1048576K
}
Event: 145027.292 GC heap after
{Heap after GC invocations=6658 (full 14):
 PSYoungGen      total 5632K, used 624K [0x00000000d5580000, 0x00000000d5c00000, 0x0000000100000000)
  eden space 4608K, 0% used [0x00000000d5580000,0x00000000d5580000,0x00000000d5a00000)
  from space 1024K, 60% used [0x00000000d5b00000,0x00000000d5b9c010,0x00000000d5c00000)
  to   space 1024K, 0% used [0x00000000d5a00000,0x00000000d5a00000,0x00000000d5b00000)
 ParOldGen       total 568320K, used 568168K [0x0000000080000000, 0x00000000a2b00000, 0x00000000d5580000)
  object space 568320K, 99% used [0x0000000080000000,0x00000000a2ada3b8,0x00000000a2b00000)
 Metaspace       used 97538K, committed 99328K, reserved 1179648K
  class space    used 9510K, committed 10368K, reserved 1048576K
}
Event: 145027.299 GC heap before
{Heap before GC invocations=6659 (full 14):
 PSYoungGen      total 5632K, used 5232K [0x00000000d5580000, 0x00000000d5c00000, 0x0000000100000000)
  eden space 4608K, 100% used [0x00000000d5580000,0x00000000d5a00000,0x00000000d5a00000)
  from space 1024K, 60% used [0x00000000d5b00000,0x00000000d5b9c010,0x00000000d5c00000)
  to   space 1024K, 0% used [0x00000000d5a00000,0x00000000d5a00000,0x00000000d5b00000)
 ParOldGen       total 568320K, used 568168K [0x0000000080000000, 0x00000000a2b00000, 0x00000000d5580000)
  object space 568320K, 99% used [0x0000000080000000,0x00000000a2ada3b8,0x00000000a2b00000)
 Metaspace       used 97538K, committed 99328K, reserved 1179648K
  class space    used 9510K, committed 10368K, reserved 1048576K
}
Event: 145027.302 GC heap after
{Heap after GC invocations=6659 (full 14):
 PSYoungGen      total 5632K, used 826K [0x00000000d5580000, 0x00000000d5c00000, 0x0000000100000000)
  eden space 4608K, 0% used [0x00000000d5580000,0x00000000d5580000,0x00000000d5a00000)
  from space 1024K, 80% used [0x00000000d5a00000,0x00000000d5ace900,0x00000000d5b00000)
  to   space 1024K, 0% used [0x00000000d5b00000,0x00000000d5b00000,0x00000000d5c00000)
 ParOldGen       total 568832K, used 568696K [0x0000000080000000, 0x00000000a2b80000, 0x00000000d5580000)
  object space 568832K, 99% used [0x0000000080000000,0x00000000a2b5e3e8,0x00000000a2b80000)
 Metaspace       used 97538K, committed 99328K, reserved 1179648K
  class space    used 9510K, committed 10368K, reserved 1048576K
}
Event: 145035.810 GC heap before
{Heap before GC invocations=6660 (full 14):
 PSYoungGen      total 5632K, used 5434K [0x00000000d5580000, 0x00000000d5c00000, 0x0000000100000000)
  eden space 4608K, 100% used [0x00000000d5580000,0x00000000d5a00000,0x00000000d5a00000)
  from space 1024K, 80% used [0x00000000d5a00000,0x00000000d5ace900,0x00000000d5b00000)
  to   space 1024K, 0% used [0x00000000d5b00000,0x00000000d5b00000,0x00000000d5c00000)
 ParOldGen       total 568832K, used 568696K [0x0000000080000000, 0x00000000a2b80000, 0x00000000d5580000)
  object space 568832K, 99% used [0x0000000080000000,0x00000000a2b5e3e8,0x00000000a2b80000)
 Metaspace       used 97538K, committed 99328K, reserved 1179648K
  class space    used 9510K, committed 10368K, reserved 1048576K
}
Event: 145035.812 GC heap after
{Heap after GC invocations=6660 (full 14):
 PSYoungGen      total 5632K, used 826K [0x00000000d5580000, 0x00000000d5c00000, 0x0000000100000000)
  eden space 4608K, 0% used [0x00000000d5580000,0x00000000d5580000,0x00000000d5a00000)
  from space 1024K, 80% used [0x00000000d5b00000,0x00000000d5bce900,0x00000000d5c00000)
  to   space 1024K, 0% used [0x00000000d5a00000,0x00000000d5a00000,0x00000000d5b00000)
 ParOldGen       total 569856K, used 569413K [0x0000000080000000, 0x00000000a2c80000, 0x00000000d5580000)
  object space 569856K, 99% used [0x0000000080000000,0x00000000a2c11618,0x00000000a2c80000)
 Metaspace       used 97538K, committed 99328K, reserved 1179648K
  class space    used 9510K, committed 10368K, reserved 1048576K
}
Event: 145035.822 GC heap before
{Heap before GC invocations=6661 (full 14):
 PSYoungGen      total 5632K, used 5434K [0x00000000d5580000, 0x00000000d5c00000, 0x0000000100000000)
  eden space 4608K, 100% used [0x00000000d5580000,0x00000000d5a00000,0x00000000d5a00000)
  from space 1024K, 80% used [0x00000000d5b00000,0x00000000d5bce900,0x00000000d5c00000)
  to   space 1024K, 0% used [0x00000000d5a00000,0x00000000d5a00000,0x00000000d5b00000)
 ParOldGen       total 569856K, used 569413K [0x0000000080000000, 0x00000000a2c80000, 0x00000000d5580000)
  object space 569856K, 99% used [0x0000000080000000,0x00000000a2c11618,0x00000000a2c80000)
 Metaspace       used 97538K, committed 99328K, reserved 1179648K
  class space    used 9510K, committed 10368K, reserved 1048576K
}
Event: 145035.824 GC heap after
{Heap after GC invocations=6661 (full 14):
 PSYoungGen      total 5632K, used 916K [0x00000000d5580000, 0x00000000d5c00000, 0x0000000100000000)
  eden space 4608K, 0% used [0x00000000d5580000,0x00000000d5580000,0x00000000d5a00000)
  from space 1024K, 89% used [0x00000000d5a00000,0x00000000d5ae5200,0x00000000d5b00000)
  to   space 1024K, 0% used [0x00000000d5b00000,0x00000000d5b00000,0x00000000d5c00000)
 ParOldGen       total 570368K, used 570066K [0x0000000080000000, 0x00000000a2d00000, 0x00000000d5580000)
  object space 570368K, 99% used [0x0000000080000000,0x00000000a2cb4838,0x00000000a2d00000)
 Metaspace       used 97538K, committed 99328K, reserved 1179648K
  class space    used 9510K, committed 10368K, reserved 1048576K
}
Event: 145124.659 GC heap before
{Heap before GC invocations=6662 (full 14):
 PSYoungGen      total 5632K, used 5524K [0x00000000d5580000, 0x00000000d5c00000, 0x0000000100000000)
  eden space 4608K, 99% used [0x00000000d5580000,0x00000000d59ffec0,0x00000000d5a00000)
  from space 1024K, 89% used [0x00000000d5a00000,0x00000000d5ae5200,0x00000000d5b00000)
  to   space 1024K, 0% used [0x00000000d5b00000,0x00000000d5b00000,0x00000000d5c00000)
 ParOldGen       total 570368K, used 570066K [0x0000000080000000, 0x00000000a2d00000, 0x00000000d5580000)
  object space 570368K, 99% used [0x0000000080000000,0x00000000a2cb4838,0x00000000a2d00000)
 Metaspace       used 97539K, committed 99328K, reserved 1179648K
  class space    used 9510K, committed 10368K, reserved 1048576K
}
Event: 145124.662 GC heap after
{Heap after GC invocations=6662 (full 14):
 PSYoungGen      total 5632K, used 736K [0x00000000d5580000, 0x00000000d5c00000, 0x0000000100000000)
  eden space 4608K, 0% used [0x00000000d5580000,0x00000000d5580000,0x00000000d5a00000)
  from space 1024K, 71% used [0x00000000d5b00000,0x00000000d5bb8000,0x00000000d5c00000)
  to   space 1024K, 0% used [0x00000000d5a00000,0x00000000d5a00000,0x00000000d5b00000)
 ParOldGen       total 570880K, used 570814K [0x0000000080000000, 0x00000000a2d80000, 0x00000000d5580000)
  object space 570880K, 99% used [0x0000000080000000,0x00000000a2d6fa68,0x00000000a2d80000)
 Metaspace       used 97539K, committed 99328K, reserved 1179648K
  class space    used 9510K, committed 10368K, reserved 1048576K
}
Event: 145165.508 GC heap before
{Heap before GC invocations=6663 (full 14):
 PSYoungGen      total 5632K, used 5344K [0x00000000d5580000, 0x00000000d5c00000, 0x0000000100000000)
  eden space 4608K, 100% used [0x00000000d5580000,0x00000000d5a00000,0x00000000d5a00000)
  from space 1024K, 71% used [0x00000000d5b00000,0x00000000d5bb8000,0x00000000d5c00000)
  to   space 1024K, 0% used [0x00000000d5a00000,0x00000000d5a00000,0x00000000d5b00000)
 ParOldGen       total 570880K, used 570814K [0x0000000080000000, 0x00000000a2d80000, 0x00000000d5580000)
  object space 570880K, 99% used [0x0000000080000000,0x00000000a2d6fa68,0x00000000a2d80000)
 Metaspace       used 97539K, committed 99328K, reserved 1179648K
  class space    used 9510K, committed 10368K, reserved 1048576K
}
Event: 145165.511 GC heap after
{Heap after GC invocations=6663 (full 14):
 PSYoungGen      total 5632K, used 730K [0x00000000d5580000, 0x00000000d5c00000, 0x0000000100000000)
  eden space 4608K, 0% used [0x00000000d5580000,0x00000000d5580000,0x00000000d5a00000)
  from space 1024K, 71% used [0x00000000d5a00000,0x00000000d5ab6900,0x00000000d5b00000)
  to   space 1024K, 0% used [0x00000000d5b00000,0x00000000d5b00000,0x00000000d5c00000)
 ParOldGen       total 571392K, used 571246K [0x0000000080000000, 0x00000000a2e00000, 0x00000000d5580000)
  object space 571392K, 99% used [0x0000000080000000,0x00000000a2ddba88,0x00000000a2e00000)
 Metaspace       used 97539K, committed 99328K, reserved 1179648K
  class space    used 9510K, committed 10368K, reserved 1048576K
}
Event: 145165.522 GC heap before
{Heap before GC invocations=6664 (full 14):
 PSYoungGen      total 5632K, used 5338K [0x00000000d5580000, 0x00000000d5c00000, 0x0000000100000000)
  eden space 4608K, 100% used [0x00000000d5580000,0x00000000d5a00000,0x00000000d5a00000)
  from space 1024K, 71% used [0x00000000d5a00000,0x00000000d5ab6900,0x00000000d5b00000)
  to   space 1024K, 0% used [0x00000000d5b00000,0x00000000d5b00000,0x00000000d5c00000)
 ParOldGen       total 571392K, used 571246K [0x0000000080000000, 0x00000000a2e00000, 0x00000000d5580000)
  object space 571392K, 99% used [0x0000000080000000,0x00000000a2ddba88,0x00000000a2e00000)
 Metaspace       used 97540K, committed 99328K, reserved 1179648K
  class space    used 9510K, committed 10368K, reserved 1048576K
}
Event: 145165.523 GC heap after
{Heap after GC invocations=6664 (full 14):
 PSYoungGen      total 5632K, used 868K [0x00000000d5580000, 0x00000000d5c00000, 0x0000000100000000)
  eden space 4608K, 0% used [0x00000000d5580000,0x00000000d5580000,0x00000000d5a00000)
  from space 1024K, 84% used [0x00000000d5b00000,0x00000000d5bd9210,0x00000000d5c00000)
  to   space 1024K, 0% used [0x00000000d5a00000,0x00000000d5a00000,0x00000000d5b00000)
 ParOldGen       total 571904K, used 571852K [0x0000000080000000, 0x00000000a2e80000, 0x00000000d5580000)
  object space 571904K, 99% used [0x0000000080000000,0x00000000a2e73368,0x00000000a2e80000)
 Metaspace       used 97540K, committed 99328K, reserved 1179648K
  class space    used 9510K, committed 10368K, reserved 1048576K
}
Event: 145165.530 GC heap before
{Heap before GC invocations=6665 (full 14):
 PSYoungGen      total 5632K, used 5476K [0x00000000d5580000, 0x00000000d5c00000, 0x0000000100000000)
  eden space 4608K, 100% used [0x00000000d5580000,0x00000000d5a00000,0x00000000d5a00000)
  from space 1024K, 84% used [0x00000000d5b00000,0x00000000d5bd9210,0x00000000d5c00000)
  to   space 1024K, 0% used [0x00000000d5a00000,0x00000000d5a00000,0x00000000d5b00000)
 ParOldGen       total 571904K, used 571852K [0x0000000080000000, 0x00000000a2e80000, 0x00000000d5580000)
  object space 571904K, 99% used [0x0000000080000000,0x00000000a2e73368,0x00000000a2e80000)
 Metaspace       used 97540K, committed 99328K, reserved 1179648K
  class space    used 9510K, committed 10368K, reserved 1048576K
}
Event: 145165.533 GC heap after
{Heap after GC invocations=6665 (full 14):
 PSYoungGen      total 5632K, used 896K [0x00000000d5580000, 0x00000000d5c00000, 0x0000000100000000)
  eden space 4608K, 0% used [0x00000000d5580000,0x00000000d5580000,0x00000000d5a00000)
  from space 1024K, 87% used [0x00000000d5a00000,0x00000000d5ae0000,0x00000000d5b00000)
  to   space 1024K, 0% used [0x00000000d5b00000,0x00000000d5b00000,0x00000000d5c00000)
 ParOldGen       total 572928K, used 572502K [0x0000000080000000, 0x00000000a2f80000, 0x00000000d5580000)
  object space 572928K, 99% used [0x0000000080000000,0x00000000a2f15870,0x00000000a2f80000)
 Metaspace       used 97540K, committed 99328K, reserved 1179648K
  class space    used 9510K, committed 10368K, reserved 1048576K
}
Event: 145669.145 GC heap before
{Heap before GC invocations=6666 (full 14):
 PSYoungGen      total 5632K, used 5504K [0x00000000d5580000, 0x00000000d5c00000, 0x0000000100000000)
  eden space 4608K, 100% used [0x00000000d5580000,0x00000000d5a00000,0x00000000d5a00000)
  from space 1024K, 87% used [0x00000000d5a00000,0x00000000d5ae0000,0x00000000d5b00000)
  to   space 1024K, 0% used [0x00000000d5b00000,0x00000000d5b00000,0x00000000d5c00000)
 ParOldGen       total 572928K, used 572502K [0x0000000080000000, 0x00000000a2f80000, 0x00000000d5580000)
  object space 572928K, 99% used [0x0000000080000000,0x00000000a2f15870,0x00000000a2f80000)
 Metaspace       used 97544K, committed 99328K, reserved 1179648K
  class space    used 9510K, committed 10368K, reserved 1048576K
}
Event: 145669.149 GC heap after
{Heap after GC invocations=6666 (full 14):
 PSYoungGen      total 5632K, used 512K [0x00000000d5580000, 0x00000000d5c00000, 0x0000000100000000)
  eden space 4608K, 0% used [0x00000000d5580000,0x00000000d5580000,0x00000000d5a00000)
  from space 1024K, 50% used [0x00000000d5b00000,0x00000000d5b80000,0x00000000d5c00000)
  to   space 1024K, 0% used [0x00000000d5a00000,0x00000000d5a00000,0x00000000d5b00000)
 ParOldGen       total 573440K, used 573174K [0x0000000080000000, 0x00000000a3000000, 0x00000000d5580000)
  object space 573440K, 99% used [0x0000000080000000,0x00000000a2fbd8b0,0x00000000a3000000)
 Metaspace       used 97544K, committed 99328K, reserved 1179648K
  class space    used 9510K, committed 10368K, reserved 1048576K
}

